<?xml version="1.0" encoding="UTF-8"?>
<testng-results skipped="0" failed="0" ignored="0" total="2" passed="2">
  <reporter-output>
  </reporter-output>
  <suite name="Page Object test example" duration-ms="17637" started-at="2018-06-13T10:41:30Z" finished-at="2018-06-13T10:41:48Z">
    <groups>
    </groups>
    <test name="sample test" duration-ms="17637" started-at="2018-06-13T10:41:30Z" finished-at="2018-06-13T10:41:48Z">
      <class name="tests.testFbMainPage">
        <test-method status="PASS" signature="setup(java.lang.String, java.lang.String)[pri:0, instance:tests.testFbMainPage@cb5822]" name="setup" is-config="true" duration-ms="10433" started-at="2018-06-13T10:41:30Z" finished-at="2018-06-13T10:41:40Z">
          <params>
            <param index="0">
              <value>
                <![CDATA[firefox]]>
              </value>
            </param>
            <param index="1">
              <value>
                <![CDATA[https://www.facebook.com/]]>
              </value>
            </param>
          </params>
          <reporter-output>
          </reporter-output>
        </test-method> <!-- setup -->
        <test-method status="PASS" signature="setUp()[pri:0, instance:tests.testFbMainPage@cb5822]" name="setUp" is-config="true" duration-ms="0" started-at="2018-06-13T10:41:40Z" finished-at="2018-06-13T10:41:40Z">
          <reporter-output>
          </reporter-output>
        </test-method> <!-- setUp -->
        <test-method status="PASS" signature="verifyMainPage()[pri:1, instance:tests.testFbMainPage@cb5822]" name="verifyMainPage" duration-ms="16" started-at="2018-06-13T10:41:40Z" finished-at="2018-06-13T10:41:40Z">
          <reporter-output>
          </reporter-output>
        </test-method> <!-- verifyMainPage -->
        <test-method status="PASS" signature="verifyLogin()[pri:2, instance:tests.testFbMainPage@cb5822]" name="verifyLogin" duration-ms="5844" started-at="2018-06-13T10:41:40Z" finished-at="2018-06-13T10:41:46Z">
          <reporter-output>
          </reporter-output>
        </test-method> <!-- verifyLogin -->
        <test-method status="PASS" signature="closeSetup()[pri:0, instance:tests.testFbMainPage@cb5822]" name="closeSetup" is-config="true" duration-ms="1325" started-at="2018-06-13T10:41:46Z" finished-at="2018-06-13T10:41:48Z">
          <reporter-output>
          </reporter-output>
        </test-method> <!-- closeSetup -->
      </class> <!-- tests.testFbMainPage -->
    </test> <!-- sample test -->
  </suite> <!-- Page Object test example -->
</testng-results>
