<?xml version="1.0" encoding="UTF-8"?>
<!-- Generated by org.testng.reporters.JUnitXMLReporter -->
<testsuite hostname="Anuragi-pankaj" ignored="0" name="firefoxDemo" tests="3" failures="0" timestamp="11 Jun 2018 12:48:46 GMT" time="11.769" errors="0">
  <testcase name="b" time="10.407" classname="parallel.parallelBrowserTestNg"/>
  <testcase name="a" time="11.714" classname="parallel.parallelBrowserTestNg"/>
  <testcase name="c" time="11.748" classname="parallel.parallelBrowserTestNg"/>
</testsuite> <!-- firefoxDemo -->
