<?xml version="1.0" encoding="UTF-8"?>
<!-- Generated by org.testng.reporters.JUnitXMLReporter -->
<testsuite hostname="Anuragi-pankaj" ignored="0" name="Test Multi Run" tests="4" failures="0" timestamp="12 Jun 2018 08:46:12 GMT" time="32.502" errors="0">
  <testcase name="function" time="16.902" classname="parallel.multipleRunTest"/>
  <testcase name="function" time="17.169" classname="parallel.multipleRunTest"/>
  <testcase name="function" time="15.221" classname="parallel.multipleRunTest"/>
  <testcase name="function" time="15.314" classname="parallel.multipleRunTest"/>
</testsuite> <!-- Test Multi Run -->
